<?xml version="1.0" encoding="UTF-8"?>
<testng-results ignored="0" total="1" passed="1" failed="0" skipped="0">
  <reporter-output>
  </reporter-output>
  <suite started-at="2021-03-13T15:13:30 IST" name="Default suite" finished-at="2021-03-13T15:14:02 IST" duration-ms="32366">
    <groups>
    </groups>
    <test started-at="2021-03-13T15:13:30 IST" name="Default test" finished-at="2021-03-13T15:14:02 IST" duration-ms="32366">
      <class name="tests.ChooseProductTest">
        <test-method is-config="true" signature="setup()[pri:0, instance:tests.ChooseProductTest@6dd91637]" started-at="2021-03-13T15:13:30 IST" name="setup" finished-at="2021-03-13T15:13:40 IST" duration-ms="10545" status="PASS">
          <reporter-output>
          </reporter-output>
        </test-method> <!-- setup -->
        <test-method signature="tc01_chooseProduct()[pri:0, instance:tests.ChooseProductTest@6dd91637]" started-at="2021-03-13T15:13:40 IST" name="tc01_chooseProduct" description="choose a product and add to cart" finished-at="2021-03-13T15:14:01 IST" duration-ms="20292" status="PASS">
          <reporter-output>
          </reporter-output>
        </test-method> <!-- tc01_chooseProduct -->
        <test-method is-config="true" signature="tearDown()[pri:0, instance:tests.ChooseProductTest@6dd91637]" started-at="2021-03-13T15:14:01 IST" name="tearDown" finished-at="2021-03-13T15:14:02 IST" duration-ms="1176" status="PASS">
          <reporter-output>
          </reporter-output>
        </test-method> <!-- tearDown -->
      </class> <!-- tests.ChooseProductTest -->
    </test> <!-- Default test -->
  </suite> <!-- Default suite -->
</testng-results>
